<?xml version="1.0" encoding="UTF-8"?>
<!-- Generated by org.testng.reporters.JUnitReportReporter -->
<testsuite hostname="Sneha" failures="0" tests="1" name="test.Login" time="9.475" errors="0" timestamp="2022-11-14T16:08:29 GST" skipped="0">
  <testcase classname="test.Login" name="login" time="9.475"/>
  <system-out/>
</testsuite> <!-- test.Login -->
